[2024-01-03 13:07:18 [32mINFO [0;39m restartedMain] [com.green.greengram4.Greengram4Application] [36mStarting Greengram4Application using Java 17.0.8.1 with PID 12636 (D:\2023_second\greengram4\build\classes\java\main started by Administrator in D:\2023_second\greengram4)[0;39m
[2024-01-03 13:07:18 [32mINFO [0;39m restartedMain] [com.green.greengram4.Greengram4Application] [36mNo active profile set, falling back to 1 default profile: "default"[0;39m
[2024-01-03 13:07:18 [32mINFO [0;39m restartedMain] [org.springframework.boot.devtools.env.DevToolsPropertyDefaultsPostProcessor] [36mDevtools property defaults active! Set 'spring.devtools.add-properties' to 'false' to disable[0;39m
[2024-01-03 13:07:18 [32mINFO [0;39m restartedMain] [org.springframework.boot.devtools.env.DevToolsPropertyDefaultsPostProcessor] [36mFor additional web related logging consider setting the 'logging.level.web' property to 'DEBUG'[0;39m
[2024-01-03 13:07:19 [32mINFO [0;39m restartedMain] [org.springframework.boot.web.embedded.tomcat.TomcatWebServer] [36mTomcat initialized with port 8082 (http)[0;39m
[2024-01-03 13:07:19 [32mINFO [0;39m restartedMain] [org.apache.coyote.http11.Http11NioProtocol] [36mInitializing ProtocolHandler ["http-nio-8082"][0;39m
[2024-01-03 13:07:19 [32mINFO [0;39m restartedMain] [org.apache.catalina.core.StandardService] [36mStarting service [Tomcat][0;39m
[2024-01-03 13:07:19 [32mINFO [0;39m restartedMain] [org.apache.catalina.core.StandardEngine] [36mStarting Servlet engine: [Apache Tomcat/10.1.17][0;39m
[2024-01-03 13:07:19 [32mINFO [0;39m restartedMain] [org.apache.catalina.core.ContainerBase.[Tomcat].[localhost].[/]] [36mInitializing Spring embedded WebApplicationContext[0;39m
[2024-01-03 13:07:19 [32mINFO [0;39m restartedMain] [org.springframework.boot.web.servlet.context.ServletWebServerApplicationContext] [36mRoot WebApplicationContext: initialization completed in 947 ms[0;39m
[2024-01-03 13:07:20 [32mINFO [0;39m restartedMain] [com.green.greengram4.common.FirebaseConfiguration] [36mFirebaseApp Initialization Complete !!![0;39m
[2024-01-03 13:07:20 [32mINFO [0;39m restartedMain] [org.springframework.boot.autoconfigure.web.servlet.WelcomePageHandlerMapping] [36mAdding welcome page: class path resource [static/index.html][0;39m
[2024-01-03 13:07:20 [33mWARN [0;39m restartedMain] [org.springframework.boot.autoconfigure.security.servlet.UserDetailsServiceAutoConfiguration] [36m

Using generated security password: 91081adb-5f98-4bc2-9bf2-1f6298a5a8b2

This generated password is for development use only. Your security configuration must be updated before running your application in production.
[0;39m
[2024-01-03 13:07:20 [32mINFO [0;39m restartedMain] [org.springframework.security.web.DefaultSecurityFilterChain] [36mWill secure any request with [org.springframework.security.web.session.DisableEncodeUrlFilter@7f166f4d, org.springframework.security.web.context.request.async.WebAsyncManagerIntegrationFilter@2eab4ef4, org.springframework.security.web.context.SecurityContextHolderFilter@3d8d0aad, org.springframework.security.web.header.HeaderWriterFilter@56490b59, org.springframework.web.filter.CorsFilter@15f01c10, org.springframework.security.web.csrf.CsrfFilter@9a2c54c, org.springframework.security.web.authentication.logout.LogoutFilter@28ba8b95, org.springframework.security.web.authentication.UsernamePasswordAuthenticationFilter@1ef2bfb7, org.springframework.security.web.authentication.ui.DefaultLoginPageGeneratingFilter@64749457, org.springframework.security.web.authentication.ui.DefaultLogoutPageGeneratingFilter@70be008d, org.springframework.security.web.authentication.www.BasicAuthenticationFilter@31bc1a09, org.springframework.security.web.savedrequest.RequestCacheAwareFilter@6e27f3af, org.springframework.security.web.servletapi.SecurityContextHolderAwareRequestFilter@7d4534aa, org.springframework.security.web.authentication.AnonymousAuthenticationFilter@3c9e65d0, org.springframework.security.web.access.ExceptionTranslationFilter@6a76e57b, org.springframework.security.web.access.intercept.AuthorizationFilter@775a4664][0;39m
[2024-01-03 13:07:20 [32mINFO [0;39m restartedMain] [org.springframework.boot.devtools.autoconfigure.OptionalLiveReloadServer] [36mLiveReload server is running on port 35729[0;39m
[2024-01-03 13:07:20 [32mINFO [0;39m restartedMain] [org.apache.coyote.http11.Http11NioProtocol] [36mStarting ProtocolHandler ["http-nio-8082"][0;39m
[2024-01-03 13:07:20 [32mINFO [0;39m restartedMain] [org.springframework.boot.web.embedded.tomcat.TomcatWebServer] [36mTomcat started on port 8082 (http) with context path ''[0;39m
[2024-01-03 13:07:20 [32mINFO [0;39m restartedMain] [com.green.greengram4.Greengram4Application] [36mStarted Greengram4Application in 2.141 seconds (process running for 2.674)[0;39m
[2024-01-03 13:09:41 [32mINFO [0;39m restartedMain] [com.green.greengram4.Greengram4Application] [36mStarting Greengram4Application using Java 17.0.8.1 with PID 14184 (D:\2023_second\greengram4\build\classes\java\main started by Administrator in D:\2023_second\greengram4)[0;39m
[2024-01-03 13:09:41 [32mINFO [0;39m restartedMain] [com.green.greengram4.Greengram4Application] [36mNo active profile set, falling back to 1 default profile: "default"[0;39m
[2024-01-03 13:09:41 [32mINFO [0;39m restartedMain] [org.springframework.boot.devtools.env.DevToolsPropertyDefaultsPostProcessor] [36mDevtools property defaults active! Set 'spring.devtools.add-properties' to 'false' to disable[0;39m
[2024-01-03 13:09:41 [32mINFO [0;39m restartedMain] [org.springframework.boot.devtools.env.DevToolsPropertyDefaultsPostProcessor] [36mFor additional web related logging consider setting the 'logging.level.web' property to 'DEBUG'[0;39m
[2024-01-03 13:09:41 [32mINFO [0;39m restartedMain] [org.springframework.boot.web.embedded.tomcat.TomcatWebServer] [36mTomcat initialized with port 8082 (http)[0;39m
[2024-01-03 13:09:41 [32mINFO [0;39m restartedMain] [org.apache.coyote.http11.Http11NioProtocol] [36mInitializing ProtocolHandler ["http-nio-8082"][0;39m
[2024-01-03 13:09:41 [32mINFO [0;39m restartedMain] [org.apache.catalina.core.StandardService] [36mStarting service [Tomcat][0;39m
[2024-01-03 13:09:41 [32mINFO [0;39m restartedMain] [org.apache.catalina.core.StandardEngine] [36mStarting Servlet engine: [Apache Tomcat/10.1.17][0;39m
[2024-01-03 13:09:41 [32mINFO [0;39m restartedMain] [org.apache.catalina.core.ContainerBase.[Tomcat].[localhost].[/]] [36mInitializing Spring embedded WebApplicationContext[0;39m
[2024-01-03 13:09:41 [32mINFO [0;39m restartedMain] [org.springframework.boot.web.servlet.context.ServletWebServerApplicationContext] [36mRoot WebApplicationContext: initialization completed in 891 ms[0;39m
[2024-01-03 13:09:42 [32mINFO [0;39m restartedMain] [com.green.greengram4.common.FirebaseConfiguration] [36mFirebaseApp Initialization Complete !!![0;39m
[2024-01-03 13:09:42 [32mINFO [0;39m restartedMain] [org.springframework.boot.autoconfigure.web.servlet.WelcomePageHandlerMapping] [36mAdding welcome page: class path resource [static/index.html][0;39m
[2024-01-03 13:09:42 [33mWARN [0;39m restartedMain] [org.springframework.boot.autoconfigure.security.servlet.UserDetailsServiceAutoConfiguration] [36m

Using generated security password: db08e96b-a3db-410f-b9e7-e40f649d5957

This generated password is for development use only. Your security configuration must be updated before running your application in production.
[0;39m
[2024-01-03 13:09:42 [32mINFO [0;39m restartedMain] [org.springframework.security.web.DefaultSecurityFilterChain] [36mWill secure any request with [org.springframework.security.web.session.DisableEncodeUrlFilter@54b04ae3, org.springframework.security.web.context.request.async.WebAsyncManagerIntegrationFilter@71971d88, org.springframework.security.web.context.SecurityContextHolderFilter@1633047, org.springframework.security.web.header.HeaderWriterFilter@7f880424, org.springframework.web.filter.CorsFilter@6d20c41d, org.springframework.security.web.csrf.CsrfFilter@6af482f2, org.springframework.security.web.authentication.logout.LogoutFilter@69b7d7d7, org.springframework.security.web.authentication.UsernamePasswordAuthenticationFilter@3dd08890, org.springframework.security.web.authentication.ui.DefaultLoginPageGeneratingFilter@7f1899a1, org.springframework.security.web.authentication.ui.DefaultLogoutPageGeneratingFilter@761c0ba7, org.springframework.security.web.authentication.www.BasicAuthenticationFilter@5f7f4fa2, org.springframework.security.web.savedrequest.RequestCacheAwareFilter@1b9e2cf1, org.springframework.security.web.servletapi.SecurityContextHolderAwareRequestFilter@4952e416, org.springframework.security.web.authentication.AnonymousAuthenticationFilter@202da0d5, org.springframework.security.web.access.ExceptionTranslationFilter@2bb1fdf9, org.springframework.security.web.access.intercept.AuthorizationFilter@6b2e14f6][0;39m
[2024-01-03 13:09:42 [32mINFO [0;39m restartedMain] [org.springframework.boot.devtools.autoconfigure.OptionalLiveReloadServer] [36mLiveReload server is running on port 35729[0;39m
[2024-01-03 13:09:42 [32mINFO [0;39m restartedMain] [org.apache.coyote.http11.Http11NioProtocol] [36mStarting ProtocolHandler ["http-nio-8082"][0;39m
[2024-01-03 13:09:42 [32mINFO [0;39m restartedMain] [org.springframework.boot.web.embedded.tomcat.TomcatWebServer] [36mTomcat started on port 8082 (http) with context path ''[0;39m
[2024-01-03 13:09:42 [32mINFO [0;39m restartedMain] [com.green.greengram4.Greengram4Application] [36mStarted Greengram4Application in 1.955 seconds (process running for 2.373)[0;39m
[2024-01-03 13:13:23 [32mINFO [0;39m restartedMain] [com.green.greengram4.Greengram4Application] [36mStarting Greengram4Application using Java 17.0.8.1 with PID 12388 (D:\2023_second\greengram4\build\classes\java\main started by Administrator in D:\2023_second\greengram4)[0;39m
[2024-01-03 13:13:23 [32mINFO [0;39m restartedMain] [com.green.greengram4.Greengram4Application] [36mNo active profile set, falling back to 1 default profile: "default"[0;39m
[2024-01-03 13:13:23 [32mINFO [0;39m restartedMain] [org.springframework.boot.devtools.env.DevToolsPropertyDefaultsPostProcessor] [36mDevtools property defaults active! Set 'spring.devtools.add-properties' to 'false' to disable[0;39m
[2024-01-03 13:13:23 [32mINFO [0;39m restartedMain] [org.springframework.boot.devtools.env.DevToolsPropertyDefaultsPostProcessor] [36mFor additional web related logging consider setting the 'logging.level.web' property to 'DEBUG'[0;39m
[2024-01-03 13:13:24 [32mINFO [0;39m restartedMain] [org.springframework.boot.web.embedded.tomcat.TomcatWebServer] [36mTomcat initialized with port 8082 (http)[0;39m
[2024-01-03 13:13:24 [32mINFO [0;39m restartedMain] [org.apache.coyote.http11.Http11NioProtocol] [36mInitializing ProtocolHandler ["http-nio-8082"][0;39m
[2024-01-03 13:13:24 [32mINFO [0;39m restartedMain] [org.apache.catalina.core.StandardService] [36mStarting service [Tomcat][0;39m
[2024-01-03 13:13:24 [32mINFO [0;39m restartedMain] [org.apache.catalina.core.StandardEngine] [36mStarting Servlet engine: [Apache Tomcat/10.1.17][0;39m
[2024-01-03 13:13:24 [32mINFO [0;39m restartedMain] [org.apache.catalina.core.ContainerBase.[Tomcat].[localhost].[/]] [36mInitializing Spring embedded WebApplicationContext[0;39m
[2024-01-03 13:13:24 [32mINFO [0;39m restartedMain] [org.springframework.boot.web.servlet.context.ServletWebServerApplicationContext] [36mRoot WebApplicationContext: initialization completed in 941 ms[0;39m
[2024-01-03 13:13:24 [32mINFO [0;39m restartedMain] [com.green.greengram4.common.FirebaseConfiguration] [36mFirebaseApp Initialization Complete !!![0;39m
[2024-01-03 13:13:24 [32mINFO [0;39m restartedMain] [org.springframework.boot.autoconfigure.web.servlet.WelcomePageHandlerMapping] [36mAdding welcome page: class path resource [static/index.html][0;39m
[2024-01-03 13:13:25 [33mWARN [0;39m restartedMain] [org.springframework.boot.autoconfigure.security.servlet.UserDetailsServiceAutoConfiguration] [36m

Using generated security password: f0819d3b-d6b2-4d01-83b5-65f70d1f462c

This generated password is for development use only. Your security configuration must be updated before running your application in production.
[0;39m
[2024-01-03 13:13:25 [32mINFO [0;39m restartedMain] [org.springframework.security.web.DefaultSecurityFilterChain] [36mWill secure any request with [org.springframework.security.web.session.DisableEncodeUrlFilter@71971d88, org.springframework.security.web.context.request.async.WebAsyncManagerIntegrationFilter@6d20c41d, org.springframework.security.web.context.SecurityContextHolderFilter@3ef5bd6b, org.springframework.security.web.header.HeaderWriterFilter@748a389c, org.springframework.web.filter.CorsFilter@761c0ba7, org.springframework.security.web.csrf.CsrfFilter@50e2f283, org.springframework.security.web.authentication.logout.LogoutFilter@242ca8aa, org.springframework.security.web.authentication.UsernamePasswordAuthenticationFilter@762f0d95, org.springframework.security.web.authentication.ui.DefaultLoginPageGeneratingFilter@a65bb3f, org.springframework.security.web.authentication.ui.DefaultLogoutPageGeneratingFilter@202da0d5, org.springframework.security.web.authentication.www.BasicAuthenticationFilter@718da4db, org.springframework.security.web.savedrequest.RequestCacheAwareFilter@4952e416, org.springframework.security.web.servletapi.SecurityContextHolderAwareRequestFilter@51ab0473, org.springframework.security.web.authentication.AnonymousAuthenticationFilter@699f8205, org.springframework.security.web.access.ExceptionTranslationFilter@b2b5d3d, org.springframework.security.web.access.intercept.AuthorizationFilter@3dd08890][0;39m
[2024-01-03 13:13:25 [32mINFO [0;39m restartedMain] [org.springframework.boot.devtools.autoconfigure.OptionalLiveReloadServer] [36mLiveReload server is running on port 35729[0;39m
[2024-01-03 13:13:25 [32mINFO [0;39m restartedMain] [org.apache.coyote.http11.Http11NioProtocol] [36mStarting ProtocolHandler ["http-nio-8082"][0;39m
[2024-01-03 13:13:25 [32mINFO [0;39m restartedMain] [org.springframework.boot.web.embedded.tomcat.TomcatWebServer] [36mTomcat started on port 8082 (http) with context path ''[0;39m
[2024-01-03 13:13:25 [32mINFO [0;39m restartedMain] [com.green.greengram4.Greengram4Application] [36mStarted Greengram4Application in 2.027 seconds (process running for 2.436)[0;39m
[2024-01-03 13:13:30 [32mINFO [0;39m http-nio-8082-exec-1] [org.apache.catalina.core.ContainerBase.[Tomcat].[localhost].[/]] [36mInitializing Spring DispatcherServlet 'dispatcherServlet'[0;39m
[2024-01-03 13:13:30 [32mINFO [0;39m http-nio-8082-exec-1] [org.springframework.web.servlet.DispatcherServlet] [36mInitializing Servlet 'dispatcherServlet'[0;39m
[2024-01-03 13:13:30 [32mINFO [0;39m http-nio-8082-exec-1] [org.springframework.web.servlet.DispatcherServlet] [36mCompleted initialization in 0 ms[0;39m
